<?xml version="1.0" encoding="UTF-8"?>
<!-- Generated by org.testng.reporters.JUnitReportReporter -->
<testsuite hostname="DESKTOP-2QLQUDS" failures="0" tests="5" name="api.tests.PetTest" time="14.178" errors="0" timestamp="2023-11-30T16:43:20 IST" skipped="0">
  <testcase classname="api.tests.PetTest" name="testAddPet" time="8.146"/>
  <system-out/>
  <testcase classname="api.tests.PetTest" name="testGetPetById" time="1.484"/>
  <system-out/>
  <testcase classname="api.tests.PetTest" name="testFindPetByStatus" time="1.548"/>
  <system-out/>
  <testcase classname="api.tests.PetTest" name="testUpdateExistingPetViaFormData" time="1.519"/>
  <system-out/>
  <testcase classname="api.tests.PetTest" name="testDeletePet" time="1.481"/>
  <system-out/>
</testsuite> <!-- api.tests.PetTest -->
