<?xml version="1.0" encoding="UTF-8"?>
<!-- Generated by org.testng.reporters.JUnitReportReporter -->
<testsuite hostname="DESKTOP-2QLQUDS" failures="0" tests="5" name="api.tests.PetTest" time="15.166" errors="0" timestamp="2023-11-26T21:53:14 IST" skipped="0">
  <testcase classname="api.tests.PetTest" name="testAddPet" time="9.026"/>
  <system-out/>
  <testcase classname="api.tests.PetTest" name="testGetPetById" time="1.576"/>
  <system-out/>
  <testcase classname="api.tests.PetTest" name="testFindPetByStatus" time="1.545"/>
  <system-out/>
  <testcase classname="api.tests.PetTest" name="testUpdateExistingPetViaFormData" time="1.536"/>
  <system-out/>
  <testcase classname="api.tests.PetTest" name="testDeletePet" time="1.483"/>
  <system-out/>
</testsuite> <!-- api.tests.PetTest -->
